{"message":"::1 - - [21/Feb/2021:09:22:48 +0000] \"GET /movies/2 HTTP/1.1\" 200 13664 \"-\" \"PostmanRuntime/7.26.8\"\n","level":"info"}
{"message":"::1 - - [21/Feb/2021:09:23:02 +0000] \"POST /auth/login HTTP/1.1\" 200 216 \"-\" \"PostmanRuntime/7.26.8\"\n","level":"info"}
{"message":"\"username\" length must be less than or equal to 10 characters long","level":"error"}
{"message":"::1 - - [24/Feb/2021:14:05:13 +0000] \"POST /auth/signup HTTP/1.1\" 400 82 \"-\" \"PostmanRuntime/7.26.8\"\n","level":"info"}
{"message":"\"username\" length must be less than or equal to 10 characters long","level":"error"}
{"message":"::1 - - [24/Feb/2021:14:05:22 +0000] \"POST /auth/signup HTTP/1.1\" 400 82 \"-\" \"PostmanRuntime/7.26.8\"\n","level":"info"}
{"message":"\"username\" length must be less than or equal to 10 characters long","level":"error"}
{"message":"::1 - - [24/Feb/2021:14:05:45 +0000] \"POST /auth/signup HTTP/1.1\" 400 82 \"-\" \"PostmanRuntime/7.26.8\"\n","level":"info"}
{"message":"::1 - - [24/Feb/2021:14:06:01 +0000] \"POST /auth/signup HTTP/1.1\" 200 48 \"-\" \"PostmanRuntime/7.26.8\"\n","level":"info"}
{"message":"this username is already in use","level":"error"}
{"message":"::1 - - [24/Feb/2021:14:15:09 +0000] \"POST /auth/signup HTTP/1.1\" 409 45 \"-\" \"PostmanRuntime/7.26.8\"\n","level":"info"}
{"message":"::1 - - [24/Feb/2021:14:44:03 +0000] \"POST /auth/signup HTTP/1.1\" 200 48 \"-\" \"PostmanRuntime/7.26.8\"\n","level":"info"}
{"message":"Internal Server Error","level":"error"}
{"message":"::1 - - [24/Feb/2021:14:51:54 +0000] \"POST /auth/signup HTTP/1.1\" 500 35 \"-\" \"PostmanRuntime/7.26.8\"\n","level":"info"}
{"message":"::1 - - [24/Feb/2021:14:52:26 +0000] \"POST /auth/signup HTTP/1.1\" 200 48 \"-\" \"PostmanRuntime/7.26.8\"\n","level":"info"}
{"message":"::1 - - [24/Feb/2021:14:57:24 +0000] \"POST /auth/signup HTTP/1.1\" 200 48 \"-\" \"PostmanRuntime/7.26.8\"\n","level":"info"}
{"message":"::1 - - [24/Feb/2021:15:02:50 +0000] \"POST /auth/signup HTTP/1.1\" 200 48 \"-\" \"PostmanRuntime/7.26.8\"\n","level":"info"}
{"errno":"ETIMEOUT","code":"ETIMEOUT","syscall":"queryTxt","hostname":"projekexamplea.jwtpv.mongodb.net","level":"error"}
{"errno":"ETIMEOUT","code":"ETIMEOUT","syscall":"queryTxt","hostname":"projekexamplea.jwtpv.mongodb.net","level":"error"}
{"errno":"ETIMEOUT","code":"ETIMEOUT","syscall":"queryTxt","hostname":"projekexamplea.jwtpv.mongodb.net","level":"error"}
{"errno":"ETIMEOUT","code":"ETIMEOUT","syscall":"queryTxt","hostname":"projekexamplea.jwtpv.mongodb.net","level":"error"}
{"message":"::1 - - [01/Mar/2021:14:00:15 +0000] \"POST /auth/login HTTP/1.1\" 200 216 \"-\" \"PostmanRuntime/7.26.8\"\n","level":"info"}
{"message":"::1 - - [01/Mar/2021:14:00:49 +0000] \"POST /auth/login HTTP/1.1\" 200 216 \"-\" \"PostmanRuntime/7.26.8\"\n","level":"info"}
{"message":"::1 - - [01/Mar/2021:14:02:32 +0000] \"GET /movies/2 HTTP/1.1\" 200 19077 \"-\" \"PostmanRuntime/7.26.8\"\n","level":"info"}
{"message":"Not Found","level":"error"}
{"message":"::1 - - [01/Mar/2021:17:50:45 +0000] \"GET /573a1392f29313caabcd9eb0 HTTP/1.1\" 404 23 \"-\" \"PostmanRuntime/7.26.8\"\n","level":"info"}
{"message":"Not Found","level":"error"}
{"message":"::1 - - [01/Mar/2021:17:52:19 +0000] \"GET /createComment/573a1392f29313caabcd9eb0 HTTP/1.1\" 404 23 \"-\" \"PostmanRuntime/7.26.8\"\n","level":"info"}
{"message":"Not Found","level":"error"}
{"message":"::1 - - [01/Mar/2021:17:53:18 +0000] \"GET /createcomment/573a1392f29313caabcd9eb0 HTTP/1.1\" 404 23 \"-\" \"PostmanRuntime/7.26.8\"\n","level":"info"}
{"message":"Not Found","level":"error"}
{"message":"::1 - - [01/Mar/2021:17:53:53 +0000] \"GET /createcomment/573a1391f29313caabcd7c4c HTTP/1.1\" 404 23 \"-\" \"PostmanRuntime/7.26.8\"\n","level":"info"}
{"message":"::1 - - [01/Mar/2021:17:55:42 +0000] \"POST /createcomment/573a1391f29313caabcd7c4c HTTP/1.1\" - - \"-\" \"PostmanRuntime/7.26.8\"\n","level":"info"}
{"errno":"ETIMEOUT","code":"ETIMEOUT","syscall":"queryTxt","hostname":"projekexamplea.jwtpv.mongodb.net","level":"error"}
{"message":"Not Found","level":"error"}
{"message":"::1 - - [01/Mar/2021:17:57:08 +0000] \"POST /create-comment/ HTTP/1.1\" 404 23 \"-\" \"PostmanRuntime/7.26.8\"\n","level":"info"}
{"message":"::1 - - [01/Mar/2021:17:57:30 +0000] \"GET /movies/2 HTTP/1.1\" - - \"-\" \"PostmanRuntime/7.26.8\"\n","level":"info"}
{"message":"::1 - - [01/Mar/2021:17:58:00 +0000] \"GET /movies/2 HTTP/1.1\" - - \"-\" \"PostmanRuntime/7.26.8\"\n","level":"info"}
{"message":"::1 - - [01/Mar/2021:17:58:21 +0000] \"GET /movies/2 HTTP/1.1\" 200 19077 \"-\" \"PostmanRuntime/7.26.8\"\n","level":"info"}
{"message":"::1 - - [01/Mar/2021:17:58:34 +0000] \"POST /create-comment/573a1391f29313caabcd7c4c HTTP/1.1\" 201 50 \"-\" \"PostmanRuntime/7.26.8\"\n","level":"info"}
{"message":"Unauthorized","level":"error"}
{"message":"::1 - - [01/Mar/2021:17:58:47 +0000] \"POST /create-comment/573a1391f29313caabcd7c4c HTTP/1.1\" 401 26 \"-\" \"PostmanRuntime/7.26.8\"\n","level":"info"}
{"message":"Bad Request","level":"error"}
{"message":"::1 - - [01/Mar/2021:17:58:54 +0000] \"POST /create-comment/573a1391f29313caabcd7c4 HTTP/1.1\" 400 25 \"-\" \"PostmanRuntime/7.26.8\"\n","level":"info"}
{"message":"::1 - - [02/Mar/2021:10:19:20 +0000] \"POST /auth/login HTTP/1.1\" 200 216 \"-\" \"PostmanRuntime/7.26.8\"\n","level":"info"}
{"message":"Bad Request","level":"error"}
{"message":"::1 - - [02/Mar/2021:10:19:49 +0000] \"POST /create-comment/573a1391f29313caabcd7c4 HTTP/1.1\" 400 25 \"-\" \"PostmanRuntime/7.26.8\"\n","level":"info"}
{"message":"::1 - - [02/Mar/2021:10:19:57 +0000] \"GET /movies/2 HTTP/1.1\" 200 19077 \"-\" \"PostmanRuntime/7.26.8\"\n","level":"info"}
{"message":"::1 - - [02/Mar/2021:10:20:23 +0000] \"POST /create-comment/573a1391f29313caabcd8ba2 HTTP/1.1\" 201 50 \"-\" \"PostmanRuntime/7.26.8\"\n","level":"info"}
{"message":"::1 - - [02/Mar/2021:10:23:09 +0000] \"POST /create-comment/573a1391f29313caabcd8ba2 HTTP/1.1\" 201 50 \"-\" \"PostmanRuntime/7.26.8\"\n","level":"info"}
{"message":"Internal Server Error","level":"error"}
{"message":"::1 - - [02/Mar/2021:10:25:36 +0000] \"PUT /edit-comment/603e120c96b303327ce4a88a HTTP/1.1\" 500 35 \"-\" \"PostmanRuntime/7.26.8\"\n","level":"info"}
{"message":"Internal Server Error","level":"error"}
{"message":"::1 - - [02/Mar/2021:10:27:58 +0000] \"PUT /edit-comment/603e120c96b303327ce4a88a HTTP/1.1\" 500 35 \"-\" \"PostmanRuntime/7.26.8\"\n","level":"info"}
{"message":"::1 - - [02/Mar/2021:10:29:39 +0000] \"PUT /edit-comment/603e120c96b303327ce4a88a HTTP/1.1\" 200 18 \"-\" \"PostmanRuntime/7.26.8\"\n","level":"info"}
{"message":"Not Found","level":"error"}
{"message":"::1 - - [02/Mar/2021:10:30:23 +0000] \"DELETE /edit-comment/603e120c96b303327ce4a88a HTTP/1.1\" 404 23 \"-\" \"PostmanRuntime/7.26.8\"\n","level":"info"}
{"message":"Not Found","level":"error"}
{"message":"::1 - - [02/Mar/2021:10:30:45 +0000] \"DELETE /delete-comment/603e120c96b303327ce4a88a HTTP/1.1\" 404 23 \"-\" \"PostmanRuntime/7.26.8\"\n","level":"info"}
{"message":"Not Found","level":"error"}
{"message":"::1 - - [02/Mar/2021:10:31:35 +0000] \"DELETE /delete-comment/603e120c96b303327ce4a88a HTTP/1.1\" 404 23 \"-\" \"PostmanRuntime/7.26.8\"\n","level":"info"}
{"message":"::1 - - [02/Mar/2021:10:32:15 +0000] \"DELETE /delete-comment/603e120c96b303327ce4a88a HTTP/1.1\" 200 18 \"-\" \"PostmanRuntime/7.26.8\"\n","level":"info"}
